<?xml version="1.0" encoding="UTF-8"?>
<robot generator="Robot 3.1.2 (Python 3.8.2 on win32)" generated="20210608 17:29:31.501" rpa="false">
<suite id="s1" name="Teste" source="C:\RPA\AutomationRobot\teste.robot">
<test id="s1-t1" name="Teste Jenkins">
<kw name="Abrir Navegador">
<kw name="Open Browser" library="SeleniumLibrary">
<doc>Opens a new browser instance to the optional ``url``.</doc>
<arguments>
<arg>https://www.google.com.br/</arg>
<arg>chrome</arg>
</arguments>
<msg timestamp="20210608 17:29:31.874" level="INFO">Opening browser 'chrome' to base url 'https://www.google.com.br/'.</msg>
<status status="PASS" starttime="20210608 17:29:31.874" endtime="20210608 17:29:44.959"></status>
</kw>
<status status="PASS" starttime="20210608 17:29:31.874" endtime="20210608 17:29:44.959"></status>
</kw>
<kw name="Fechar Navegador">
<kw name="Close Browser" library="SeleniumLibrary">
<doc>Closes the current browser.</doc>
<status status="PASS" starttime="20210608 17:29:44.960" endtime="20210608 17:29:47.144"></status>
</kw>
<status status="PASS" starttime="20210608 17:29:44.960" endtime="20210608 17:29:47.145"></status>
</kw>
<status status="PASS" starttime="20210608 17:29:31.873" endtime="20210608 17:29:47.146" critical="yes"></status>
</test>
<status status="PASS" starttime="20210608 17:29:31.502" endtime="20210608 17:29:47.152"></status>
</suite>
<statistics>
<total>
<stat pass="1" fail="0">Critical Tests</stat>
<stat pass="1" fail="0">All Tests</stat>
</total>
<tag>
</tag>
<suite>
<stat pass="1" fail="0" id="s1" name="Teste">Teste</stat>
</suite>
</statistics>
<errors>
</errors>
</robot>
